{
  "RSpec": {
    "coverage": {
      "/Users/Claylyons/Desktop/patience_not/config/environment.rb": [
        null,
        1,
        null,
        null,
        1
      ],
      "/Users/Claylyons/Desktop/patience_not/config/application.rb": [
        1,
        null,
        null,
        1,
        1,
        1,
        1,
        1,
        null,
        null,
        1,
        null,
        1,
        null,
        null,
        null,
        null,
        1,
        1,
        null,
        null,
        null,
        null,
        null,
        null,
        null,
        null,
        null,
        null,
        null,
        null,
        null,
        null,
        null,
        null,
        null,
        null,
        null,
        null,
        null,
        null,
        null,
        1,
        null,
        null,
        1,
        null,
        null,
        1,
        null,
        null,
        null,
        null,
        null,
        null,
        null,
        null,
        null,
        null,
        1,
        null,
        null,
        1,
        null,
        null,
        1,
        null,
        null,
        1,
        null,
        null,
        null,
        null
      ],
      "/Users/Claylyons/Desktop/patience_not/config/boot.rb": [
        1,
        null,
        null,
        1,
        null,
        1
      ],
      "/Users/Claylyons/Desktop/patience_not/config/environments/test.rb": [
        1,
        null,
        null,
        null,
        null,
        null,
        null,
        1,
        null,
        null,
        1,
        1,
        null,
        null,
        1,
        null,
        null,
        1,
        1,
        null,
        null,
        1,
        null,
        null,
        1,
        null,
        null,
        null,
        null,
        1,
        null,
        null,
        1,
        null,
        null,
        1,
        null
      ],
      "/Users/Claylyons/Desktop/patience_not/config/initializers/backtrace_silencers.rb": [
        null,
        null,
        null,
        null,
        null,
        null,
        null
      ],
      "/Users/Claylyons/Desktop/patience_not/config/initializers/inflections.rb": [
        null,
        null,
        null,
        null,
        null,
        null,
        null,
        null,
        null,
        null,
        null,
        null,
        null,
        null,
        null
      ],
      "/Users/Claylyons/Desktop/patience_not/config/initializers/mime_types.rb": [
        null,
        null,
        null,
        null,
        null
      ],
      "/Users/Claylyons/Desktop/patience_not/config/initializers/secret_token.rb": [
        null,
        null,
        null,
        null,
        null,
        null,
        1
      ],
      "/Users/Claylyons/Desktop/patience_not/config/initializers/session_store.rb": [
        null,
        null,
        1,
        null,
        null,
        null,
        null,
        null
      ],
      "/Users/Claylyons/Desktop/patience_not/config/initializers/wrap_parameters.rb": [
        null,
        null,
        null,
        null,
        null,
        null,
        1,
        1,
        null,
        null,
        null,
        1,
        1,
        null
      ],
      "/Users/Claylyons/Desktop/patience_not/app/controllers/answers_controller.rb": [
        1,
        1,
        1,
        null,
        1,
        0,
        0,
        null,
        null,
        1,
        0,
        0,
        0,
        0,
        null,
        null
      ],
      "/Users/Claylyons/Desktop/patience_not/app/controllers/application_controller.rb": [
        1,
        1,
        1,
        null,
        1,
        1,
        0,
        0,
        0,
        null,
        1,
        null,
        null,
        null,
        null
      ],
      "/Users/Claylyons/Desktop/patience_not/app/helpers/application_helper.rb": [
        1,
        null,
        1,
        null,
        2,
        2,
        null,
        null,
        1,
        null,
        9,
        7,
        null,
        2,
        null,
        null,
        null
      ],
      "/Users/Claylyons/Desktop/patience_not/app/models/answer.rb": [
        1,
        1,
        1,
        null,
        null
      ],
      "/Users/Claylyons/Desktop/patience_not/app/controllers/coordinators_controller.rb": [
        1,
        1,
        null,
        1,
        1,
        null,
        null,
        null
      ],
      "/Users/Claylyons/Desktop/patience_not/app/models/coordinator.rb": [
        1,
        1,
        null,
        1,
        null,
        2,
        1,
        1,
        1,
        1,
        null,
        1,
        1,
        null,
        1,
        0,
        null,
        null
      ],
      "/Users/Claylyons/Desktop/patience_not/app/controllers/participants_controller.rb": [
        1,
        1,
        null,
        1,
        null,
        null,
        1,
        null,
        null,
        1,
        null,
        1,
        null,
        null,
        null
      ],
      "/Users/Claylyons/Desktop/patience_not/app/models/participant.rb": [
        1,
        1,
        null,
        1,
        null,
        null,
        2,
        null,
        1,
        1,
        1,
        1,
        1,
        null,
        1,
        1,
        1,
        null,
        1,
        0,
        null,
        null,
        1,
        0,
        0,
        0,
        0,
        null,
        null,
        1,
        0,
        null,
        null
      ],
      "/Users/Claylyons/Desktop/patience_not/app/controllers/password_resets_controller.rb": [
        1,
        null,
        null,
        1,
        null,
        null,
        1,
        null,
        null,
        1,
        0,
        null,
        null,
        1,
        0,
        0,
        0,
        0,
        null,
        0,
        0,
        null,
        null,
        null,
        null
      ],
      "/Users/Claylyons/Desktop/patience_not/app/controllers/questions_controller.rb": [
        1,
        1,
        null,
        1,
        null,
        null,
        1,
        0,
        0,
        null,
        0,
        null,
        null,
        null
      ],
      "/Users/Claylyons/Desktop/patience_not/app/models/question.rb": [
        1,
        1,
        null,
        1,
        1,
        null,
        1,
        0,
        null,
        null
      ],
      "/Users/Claylyons/Desktop/patience_not/app/controllers/sessions_controller.rb": [
        1,
        1,
        null,
        null,
        1,
        null,
        null,
        1,
        2,
        2,
        1,
        1,
        null,
        1,
        1,
        1,
        1,
        null,
        0,
        0,
        null,
        null,
        null,
        null,
        1,
        0,
        0,
        null,
        null
      ],
      "/Users/Claylyons/Desktop/patience_not/app/mailers/user_mailer.rb": [
        1,
        1,
        null,
        1,
        0,
        0,
        0,
        0,
        null,
        null,
        1,
        0,
        0,
        0,
        null,
        null,
        1,
        0,
        0,
        0,
        null,
        null
      ],
      "/Users/Claylyons/Desktop/patience_not/app/models/trial.rb": [
        1,
        1,
        null,
        1,
        null
      ],
      "/Users/Claylyons/Desktop/patience_not/spec/factories/answers.rb": [
        null,
        null,
        1,
        1,
        1,
        null,
        null
      ],
      "/Users/Claylyons/Desktop/patience_not/spec/factories/coordinators.rb": [
        null,
        1,
        1,
        1,
        1,
        1,
        null,
        null
      ],
      "/Users/Claylyons/Desktop/patience_not/spec/factories/questions.rb": [
        null,
        null,
        1,
        1,
        1,
        1,
        null,
        null
      ],
      "/Users/Claylyons/Desktop/patience_not/spec/factories/trials.rb": [
        null,
        null,
        1,
        1,
        1,
        1,
        1,
        null,
        null
      ],
      "/Users/Claylyons/Desktop/patience_not/spec/factories/user.rb": [
        1,
        null,
        null,
        null,
        null,
        1,
        1,
        1,
        1,
        1,
        1,
        1,
        1,
        1,
        null,
        null
      ],
      "/Users/Claylyons/Desktop/patience_not/config/routes.rb": [
        1,
        null,
        1,
        null,
        1,
        1,
        null,
        1,
        null,
        1,
        null,
        1,
        null,
        1,
        null,
        1,
        null,
        1,
        null,
        null,
        null,
        null,
        null,
        null,
        null,
        null,
        null,
        null,
        null,
        null,
        null,
        null,
        null,
        null,
        null,
        null,
        null,
        null,
        null,
        null,
        null,
        null,
        null,
        null,
        null,
        null,
        null,
        null,
        null,
        null,
        null,
        null,
        null,
        null,
        null,
        null,
        null,
        null,
        null,
        null,
        null,
        null,
        null,
        null,
        null,
        null,
        null,
        null,
        null,
        null,
        null,
        null,
        null,
        null,
        null,
        null,
        null
      ]
    },
    "timestamp": 1385958480
  }
}
