{
  "RSpec": {
    "coverage": {
      "/Users/apprentice/Desktop/patient_engagement/config/environment.rb": [
        null,
        1,
        null,
        null,
        1
      ],
      "/Users/apprentice/Desktop/patient_engagement/config/application.rb": [
        1,
        null,
        null,
        1,
        1,
        1,
        1,
        1,
        null,
        null,
        1,
        null,
        1,
        null,
        null,
        null,
        null,
        1,
        1,
        null,
        null,
        null,
        null,
        null,
        null,
        null,
        null,
        null,
        null,
        null,
        null,
        null,
        null,
        null,
        null,
        null,
        null,
        null,
        null,
        null,
        null,
        null,
        1,
        null,
        null,
        1,
        null,
        null,
        1,
        null,
        null,
        null,
        null,
        null,
        null,
        null,
        null,
        null,
        null,
        1,
        null,
        null,
        1,
        null,
        null,
        1,
        null,
        null,
        1,
        null,
        null,
        null,
        null
      ],
      "/Users/apprentice/Desktop/patient_engagement/config/boot.rb": [
        1,
        null,
        null,
        1,
        null,
        1
      ],
      "/Users/apprentice/Desktop/patient_engagement/config/environments/test.rb": [
        1,
        null,
        null,
        null,
        null,
        null,
        null,
        1,
        null,
        null,
        1,
        1,
        null,
        null,
        1,
        null,
        null,
        1,
        1,
        null,
        null,
        1,
        null,
        null,
        1,
        null,
        null,
        null,
        null,
        1,
        null,
        null,
        1,
        null,
        null,
        1,
        null
      ],
      "/Users/apprentice/Desktop/patient_engagement/config/initializers/backtrace_silencers.rb": [
        null,
        null,
        null,
        null,
        null,
        null,
        null
      ],
      "/Users/apprentice/Desktop/patient_engagement/config/initializers/inflections.rb": [
        null,
        null,
        null,
        null,
        null,
        null,
        null,
        null,
        null,
        null,
        null,
        null,
        null,
        null,
        null
      ],
      "/Users/apprentice/Desktop/patient_engagement/config/initializers/mime_types.rb": [
        null,
        null,
        null,
        null,
        null
      ],
      "/Users/apprentice/Desktop/patient_engagement/config/initializers/secret_token.rb": [
        null,
        null,
        null,
        null,
        null,
        null,
        1
      ],
      "/Users/apprentice/Desktop/patient_engagement/config/initializers/session_store.rb": [
        null,
        null,
        1,
        null,
        null,
        null,
        null,
        null
      ],
      "/Users/apprentice/Desktop/patient_engagement/config/initializers/wrap_parameters.rb": [
        null,
        null,
        null,
        null,
        null,
        null,
        1,
        1,
        null,
        null,
        null,
        1,
        1,
        null
      ],
      "/Users/apprentice/Desktop/patient_engagement/app/controllers/answers_controller.rb": [
        1,
        1,
        1,
        null,
        1,
        2,
        2,
        null,
        null,
        1,
        1,
        1,
        1,
        null,
        1,
        null,
        null
      ],
      "/Users/apprentice/Desktop/patient_engagement/app/controllers/application_controller.rb": [
        1,
        1,
        1,
        1,
        null,
        null,
        1,
        6,
        2,
        2,
        2,
        null,
        4,
        null,
        null,
        null,
        1,
        35,
        21,
        null,
        14,
        null,
        null,
        null
      ],
      "/Users/apprentice/Desktop/patient_engagement/app/helpers/application_helper.rb": [
        1,
        null,
        null,
        1,
        null,
        178,
        63,
        null,
        115,
        null,
        null,
        null,
        1,
        22,
        17,
        null,
        5,
        null,
        null,
        null,
        1,
        6,
        null,
        null
      ],
      "/Users/apprentice/Desktop/patient_engagement/app/models/answer.rb": [
        1,
        1,
        1,
        null,
        null
      ],
      "/Users/apprentice/Desktop/patient_engagement/app/controllers/coordinators_controller.rb": [
        1,
        1,
        null,
        1,
        null,
        null,
        1,
        7,
        null,
        null,
        null
      ],
      "/Users/apprentice/Desktop/patient_engagement/app/models/coordinator.rb": [
        1,
        null,
        null,
        1,
        null,
        9,
        null,
        1,
        1,
        1,
        null,
        1,
        1,
        null,
        1,
        2,
        null,
        null,
        1,
        null,
        8,
        8,
        null,
        null
      ],
      "/Users/apprentice/Desktop/patient_engagement/app/controllers/dashboards_controller.rb": [
        1,
        null,
        null,
        1,
        0,
        0,
        null,
        0,
        null,
        null,
        null
      ],
      "/Users/apprentice/Desktop/patient_engagement/app/controllers/participants_controller.rb": [
        1,
        1,
        null,
        1,
        null,
        null,
        1,
        null,
        null,
        1,
        6,
        null,
        null,
        null
      ],
      "/Users/apprentice/Desktop/patient_engagement/app/models/participant.rb": [
        1,
        null,
        null,
        1,
        null,
        null,
        10,
        null,
        1,
        1,
        null,
        1,
        null,
        1,
        1,
        1,
        null,
        1,
        0,
        null,
        null,
        1,
        0,
        0,
        0,
        0,
        null,
        null,
        1,
        0,
        null,
        null,
        1,
        null,
        9,
        9,
        null,
        null,
        null,
        null,
        null
      ],
      "/Users/apprentice/Desktop/patient_engagement/app/controllers/password_resets_controller.rb": [
        1,
        1,
        null,
        1,
        null,
        null,
        1,
        null,
        null,
        1,
        2,
        null,
        null,
        1,
        1,
        1,
        1,
        1,
        null,
        0,
        0,
        null,
        null,
        null,
        null
      ],
      "/Users/apprentice/Desktop/patient_engagement/app/controllers/questions_controller.rb": [
        1,
        1,
        null,
        1,
        null,
        null,
        1,
        2,
        2,
        2,
        null,
        null,
        1,
        0,
        null,
        null,
        1,
        0,
        null,
        null,
        null
      ],
      "/Users/apprentice/Desktop/patient_engagement/app/models/question.rb": [
        1,
        1,
        null,
        1,
        1,
        1,
        null,
        1,
        0,
        null,
        null,
        null,
        null
      ],
      "/Users/apprentice/Desktop/patient_engagement/app/controllers/sessions_controller.rb": [
        1,
        1,
        1,
        null,
        1,
        null,
        null,
        1,
        12,
        12,
        6,
        6,
        null,
        6,
        6,
        6,
        6,
        null,
        0,
        0,
        null,
        null,
        null,
        null,
        1,
        0,
        0,
        null,
        null
      ],
      "/Users/apprentice/Desktop/patient_engagement/app/controllers/trials_controller.rb": [
        1,
        1,
        1,
        null,
        1,
        1,
        null,
        null
      ],
      "/Users/apprentice/Desktop/patient_engagement/app/models/trial.rb": [
        1,
        1,
        null,
        1,
        null
      ],
      "/Users/apprentice/Desktop/patient_engagement/app/mailers/user_mailer.rb": [
        1,
        1,
        null,
        1,
        0,
        0,
        0,
        0,
        null,
        null,
        1,
        2,
        2,
        2,
        null,
        null,
        1,
        0,
        0,
        0,
        null,
        null
      ],
      "/Users/apprentice/Desktop/patient_engagement/spec/factories/answers.rb": [
        null,
        null,
        1,
        1,
        1,
        null,
        null
      ],
      "/Users/apprentice/Desktop/patient_engagement/spec/factories/coordinators.rb": [
        null,
        1,
        1,
        1,
        1,
        1,
        1,
        null,
        null
      ],
      "/Users/apprentice/Desktop/patient_engagement/spec/factories/questions.rb": [
        null,
        null,
        1,
        1,
        1,
        1,
        1,
        null,
        null
      ],
      "/Users/apprentice/Desktop/patient_engagement/spec/factories/trials.rb": [
        null,
        null,
        1,
        1,
        1,
        1,
        1,
        null,
        null
      ],
      "/Users/apprentice/Desktop/patient_engagement/spec/factories/user.rb": [
        1,
        1,
        9,
        null,
        null,
        1,
        1,
        1,
        1,
        1,
        1,
        1,
        1,
        1,
        null,
        null
      ],
      "/Users/apprentice/Desktop/patient_engagement/config/routes.rb": [
        1,
        1,
        null,
        1,
        1,
        1,
        null,
        1,
        null,
        1,
        1,
        null,
        null,
        1,
        null,
        1,
        null,
        1,
        null,
        1,
        null,
        null,
        null,
        null,
        null,
        null,
        null,
        null,
        null,
        null,
        null,
        null,
        null,
        null,
        null,
        null,
        null,
        null,
        null,
        null,
        null,
        null,
        null,
        null,
        null,
        null,
        null,
        null,
        null,
        null,
        null,
        null,
        null,
        null,
        null,
        null,
        null,
        null,
        null,
        null,
        null,
        null,
        null,
        null,
        null,
        null,
        null,
        null,
        null,
        null,
        null,
        null,
        null,
        null,
        null,
        null,
        null,
        null,
        null
      ],
      "/Users/apprentice/Desktop/patient_engagement/spec/features/coordinator_visits_dashboard_spec.rb": [
        1,
        null,
        1,
        null,
        2,
        null,
        1,
        2,
        1,
        2,
        2,
        1,
        1,
        1,
        1,
        1,
        1,
        1,
        null,
        2,
        null,
        null,
        null
      ],
      "/Users/apprentice/Desktop/patient_engagement/spec/features/first_time_login_spec.rb": [
        1,
        null,
        1,
        3,
        null,
        1,
        2,
        2,
        null,
        null,
        1,
        1,
        null,
        1,
        2,
        2,
        2,
        2,
        null,
        2,
        1,
        1,
        1,
        1,
        1,
        null,
        null,
        null,
        null,
        null,
        null
      ],
      "/Users/apprentice/Desktop/patient_engagement/spec/features/login_spec.rb": [
        1,
        null,
        1,
        null,
        4,
        null,
        1,
        2,
        2,
        null,
        null,
        null,
        1,
        2,
        1,
        1,
        1,
        1,
        1,
        null,
        2,
        null,
        null,
        1,
        2,
        1,
        1,
        1,
        1,
        1,
        1,
        null,
        2,
        null,
        null
      ],
      "/Users/apprentice/Desktop/patient_engagement/spec/features/participant_submits_question_spec.rb": [
        1,
        null,
        1,
        null,
        1,
        3,
        3,
        1,
        3,
        null,
        null,
        1,
        1,
        1,
        1,
        1,
        1,
        1,
        1,
        1,
        1,
        null,
        1,
        1,
        1,
        1,
        1,
        1,
        1,
        1,
        1,
        1,
        1,
        null,
        null,
        null
      ],
      "/Users/apprentice/Desktop/patient_engagement/spec/features/user_views_trial_info_spec.rb": [
        1,
        null,
        1,
        null,
        3,
        null,
        1,
        1,
        2,
        2,
        1,
        1,
        1,
        1,
        1,
        1,
        null,
        null,
        null,
        null,
        2,
        null,
        null,
        null,
        1,
        2,
        2,
        1,
        1,
        1,
        1,
        1,
        1,
        1,
        null,
        1,
        null,
        2,
        null,
        null
      ]
    },
    "timestamp": 1386039242
  }
}
